Scouts
Bond/Parkhurst
Villard
Toledo
Department
Citigroup
Brown
Trans
ExciteAtHome
Palestine-General
iCAST
Joint
Western
Rifle
Atlanta
League
Federalist
Sanctions
Industry
Constitutional
GE
DJB
Tech
NPD
Nasdaq
Patriots
polling
Go
Republic
Fidelity
Chase
Villanova
Boy
Denver
Glaxo
State
Northwest
Rice
Dauphin
investment
Giants
Arizona
Boise
international
America
Presidential
Fort
Arena
Bishops
Braves
NFL
Motorrad
Herald
Ferrari
Ltd
Coldwell
Confederation
Warner
Associated
Chinese
Hamas
CBS
Associates
Reynolds,
Border
Phonographic
Southtown
Group
Relations
Louisville
Health
Industrie
Stiftstidende
Communications
XFL
&
Beecham
Studies
FCC
Corp
Bulldogs
People's
Struggle
parliament
Intel
division
Newspapers
Humanitarian
Devices
American
Citifinancial
Time
AT&AMP;T
Yahoo!
tribunal
German
Revenue
Wrestling
coalition
9th
of
SG
Inc
Conference
Onvia.com
Federal
Media
Gannett
Liberation
Honeywell
Dutch
Policy
Party
Lipper
Parliament
Federation
NHL
Journal
McLaren
Hartford
Television
ABC
British
Foreign
Star-Telegram
Appeals
Marlins
Tennessee
Democrats
FNC
Forces
White
Napster
Higher
Hero
Emergency
Exchange
Sun-Times
AOL
PRI
Monetary
Carnegie
Fisheries
World
Bar
Miami
Administration
Socialist
PFLP-GC
Banker
Social
Control
Supreme
Inc.
San
Maurizio
Planning
Council
Airbus
End
Museum
crimes
Representatives
Peoples
Carolina
Michigan
Material
Ceremonies
Commerce
University
Record
Circuit
Security
Buffalo
Investments
Yankees
easyJet
Aceh
Congress
People
National
Metrix
49ers
NASA
Human
Firstsource
Palestinian
Oklahoma
Royal
Stars
MSNBC
management
North
Nielsen
Courier
Academy
J.P.
Coast
Environmental
SEC
Press
Post
Winn-Dixie
Association
enforcement
R
Victory
IMUnified,
Democratic
Road
History
Reds
Yabloko
Auburn
Sea
and
Court
Chicago
PLC
Gridiron
Soccer
Pravda
East
Power
Airways
Club
Virginia
Star-Ledger
Weather
Banc
Indo-Canadian
Revolutionary
MLS
Korea
organization
Alabama
GOP
Institutional
Fyens
Broncos
Union
Morningstar
Agency
Demons
Research
Rangers
Reuters
Systems
Palestine
Public
Congressional
European
Redmond
Big
A.G.
Republicans
Free
Beacon
York
Services
Gallup
Applied
Popular
Organization
Right
Washington
Camelot
Education
Komsomolskaya
EMC
Fox
Inaugural
Unity
Dodgers
DeWitt
Sons
Texas
Republican
Tribal
Advanced
Cycle
Natural
Johnson
U.S.
Capitals
Florida
Stonewall
Securities
Hollinger
Onvia
African
police
Mets
RR
Focus
Computer
Navy
Laboratory
Death
Compaq
Los
Music
Board
church
Movement
Assembly
Electric
Immigration
Protection
Lynch
Georgia
Guild
Center
Nations
Cowen
Action
Knights
Majlis
Voice
Federalists
Co
Marshall
General
College
Rally
Market
Edwards
Stock
PPSF
Notre
Nashville
Mobile
GlaxoSmithKline
OutRage
Das
Jakarta
Angeles
Benetton
Naturalization
Oklahoman
Patrol
Senate
Motors
Socialists
Avalanche
Economic
Sox
the
Mobil
United
BA
Service
Wellcome
Vatican
Labor
Stores
BOJ
EPA
Company
Nokia
Taliban
Front
News
Xtreme
Marine
Greenwood
Debates
Island
Worth
Commons
Morning
Micro
Newspaper
Cincinnati
Maniax
Lords
Law
Cisco
Pirates
Sciences
UBS
Unions
Scarlet
London
Management
Gulf
Army
West
Online
Commission
Conservation
Copley
New
Channel
Dame
SmithKline
for
Tides
AMD
Fund
LLC
Gartner
Syracuse
Football
Circuits
Daily
Times
Command
Microsoft
NYSE
on
Revolution
Voters
Caravan
industry
Hewlett-Packard
Trade
Tuscaloosa
magazine
Paper
Committee
Duma
Intellicast
Dallas
Internal
Arkansas
Korean
The
Ivory
Democracy
Entertainment
GEMA
Sun
NBC
war
KMVP
NASDAQ
Rutgers
Austin
Wall
House
Mariners
County
Books
FBI
Dolphins
Publishing
Airlines
Enforcers
Spectrum
Exxon
at
International
Sierra
Manhattan
Nazis
High
Francisco
Geneva
Track
Lab
Wireless
Islamic
Corp.
Colts
Enron
Merrill
KLM
Warburg
AP
Rattlers
Morgan
CNN
Carting
Major
Radical
Mission
Air-India
2000
Street
Village
